This is pdfTeX, Version 3.1415926-1.40.10 (MiKTeX 2.8) (preloaded format=pdflatex 2010.11.30)  1 JUL 2012 05:15
entering extended mode
**think.tex
(C:\thinkcspy\temp\build\latex\think.tex
LaTeX2e <2009/09/24>
Babel <v3.8l> and hyphenation patterns for english, dumylang, nohyphenation, ge
rman, ngerman, german-x-2009-06-19, ngerman-x-2009-06-19, french, loaded.
(C:\thinkcspy\temp\build\latex\sphinxmanual.cls
Document Class: sphinxmanual 2009/06/02 Document class (Sphinx manual)
("C:\Program Files\MiKTeX 2.8\tex\latex\base\report.cls"
Document Class: report 2007/10/19 v1.4h Standard LaTeX document class
("C:\Program Files\MiKTeX 2.8\tex\latex\base\size12.clo"
File: size12.clo 2007/10/19 v1.4h Standard LaTeX file (size option)
)
\c@part=\count79
\c@chapter=\count80
\c@section=\count81
\c@subsection=\count82
\c@subsubsection=\count83
\c@paragraph=\count84
\c@subparagraph=\count85
\c@figure=\count86
\c@table=\count87
\abovecaptionskip=\skip41
\belowcaptionskip=\skip42
\bibindent=\dimen102
))
("C:\Program Files\MiKTeX 2.8\tex\latex\base\inputenc.sty"
Package: inputenc 2008/03/30 v1.1d Input encoding file
\inpenc@prehook=\toks14
\inpenc@posthook=\toks15

("C:\Program Files\MiKTeX 2.8\tex\latex\base\utf8.def"
File: utf8.def 2008/04/05 v1.1m UTF-8 support for inputenc
Now handling font encoding OML ...
... no UTF-8 mapping file for font encoding OML
Now handling font encoding T1 ...
... processing UTF-8 mapping file for font encoding T1

("C:\Program Files\MiKTeX 2.8\tex\latex\base\t1enc.dfu"
File: t1enc.dfu 2008/04/05 v1.1m UTF-8 support for inputenc
   defining Unicode char U+00A1 (decimal 161)
   defining Unicode char U+00A3 (decimal 163)
   defining Unicode char U+00AB (decimal 171)
   defining Unicode char U+00BB (decimal 187)
   defining Unicode char U+00BF (decimal 191)
   defining Unicode char U+00C0 (decimal 192)
   defining Unicode char U+00C1 (decimal 193)
   defining Unicode char U+00C2 (decimal 194)
   defining Unicode char U+00C3 (decimal 195)
   defining Unicode char U+00C4 (decimal 196)
   defining Unicode char U+00C5 (decimal 197)
   defining Unicode char U+00C6 (decimal 198)
   defining Unicode char U+00C7 (decimal 199)
   defining Unicode char U+00C8 (decimal 200)
   defining Unicode char U+00C9 (decimal 201)
   defining Unicode char U+00CA (decimal 202)
   defining Unicode char U+00CB (decimal 203)
   defining Unicode char U+00CC (decimal 204)
   defining Unicode char U+00CD (decimal 205)
   defining Unicode char U+00CE (decimal 206)
   defining Unicode char U+00CF (decimal 207)
   defining Unicode char U+00D0 (decimal 208)
   defining Unicode char U+00D1 (decimal 209)
   defining Unicode char U+00D2 (decimal 210)
   defining Unicode char U+00D3 (decimal 211)
   defining Unicode char U+00D4 (decimal 212)
   defining Unicode char U+00D5 (decimal 213)
   defining Unicode char U+00D6 (decimal 214)
   defining Unicode char U+00D8 (decimal 216)
   defining Unicode char U+00D9 (decimal 217)
   defining Unicode char U+00DA (decimal 218)
   defining Unicode char U+00DB (decimal 219)
   defining Unicode char U+00DC (decimal 220)
   defining Unicode char U+00DD (decimal 221)
   defining Unicode char U+00DE (decimal 222)
   defining Unicode char U+00DF (decimal 223)
   defining Unicode char U+00E0 (decimal 224)
   defining Unicode char U+00E1 (decimal 225)
   defining Unicode char U+00E2 (decimal 226)
   defining Unicode char U+00E3 (decimal 227)
   defining Unicode char U+00E4 (decimal 228)
   defining Unicode char U+00E5 (decimal 229)
   defining Unicode char U+00E6 (decimal 230)
   defining Unicode char U+00E7 (decimal 231)
   defining Unicode char U+00E8 (decimal 232)
   defining Unicode char U+00E9 (decimal 233)
   defining Unicode char U+00EA (decimal 234)
   defining Unicode char U+00EB (decimal 235)
   defining Unicode char U+00EC (decimal 236)
   defining Unicode char U+00ED (decimal 237)
   defining Unicode char U+00EE (decimal 238)
   defining Unicode char U+00EF (decimal 239)
   defining Unicode char U+00F0 (decimal 240)
   defining Unicode char U+00F1 (decimal 241)
   defining Unicode char U+00F2 (decimal 242)
   defining Unicode char U+00F3 (decimal 243)
   defining Unicode char U+00F4 (decimal 244)
   defining Unicode char U+00F5 (decimal 245)
   defining Unicode char U+00F6 (decimal 246)
   defining Unicode char U+00F8 (decimal 248)
   defining Unicode char U+00F9 (decimal 249)
   defining Unicode char U+00FA (decimal 250)
   defining Unicode char U+00FB (decimal 251)
   defining Unicode char U+00FC (decimal 252)
   defining Unicode char U+00FD (decimal 253)
   defining Unicode char U+00FE (decimal 254)
   defining Unicode char U+00FF (decimal 255)
   defining Unicode char U+0102 (decimal 258)
   defining Unicode char U+0103 (decimal 259)
   defining Unicode char U+0104 (decimal 260)
   defining Unicode char U+0105 (decimal 261)
   defining Unicode char U+0106 (decimal 262)
   defining Unicode char U+0107 (decimal 263)
   defining Unicode char U+010C (decimal 268)
   defining Unicode char U+010D (decimal 269)
   defining Unicode char U+010E (decimal 270)
   defining Unicode char U+010F (decimal 271)
   defining Unicode char U+0110 (decimal 272)
   defining Unicode char U+0111 (decimal 273)
   defining Unicode char U+0118 (decimal 280)
   defining Unicode char U+0119 (decimal 281)
   defining Unicode char U+011A (decimal 282)
   defining Unicode char U+011B (decimal 283)
   defining Unicode char U+011E (decimal 286)
   defining Unicode char U+011F (decimal 287)
   defining Unicode char U+0130 (decimal 304)
   defining Unicode char U+0131 (decimal 305)
   defining Unicode char U+0132 (decimal 306)
   defining Unicode char U+0133 (decimal 307)
   defining Unicode char U+0139 (decimal 313)
   defining Unicode char U+013A (decimal 314)
   defining Unicode char U+013D (decimal 317)
   defining Unicode char U+013E (decimal 318)
   defining Unicode char U+0141 (decimal 321)
   defining Unicode char U+0142 (decimal 322)
   defining Unicode char U+0143 (decimal 323)
   defining Unicode char U+0144 (decimal 324)
   defining Unicode char U+0147 (decimal 327)
   defining Unicode char U+0148 (decimal 328)
   defining Unicode char U+014A (decimal 330)
   defining Unicode char U+014B (decimal 331)
   defining Unicode char U+0150 (decimal 336)
   defining Unicode char U+0151 (decimal 337)
   defining Unicode char U+0152 (decimal 338)
   defining Unicode char U+0153 (decimal 339)
   defining Unicode char U+0154 (decimal 340)
   defining Unicode char U+0155 (decimal 341)
   defining Unicode char U+0158 (decimal 344)
   defining Unicode char U+0159 (decimal 345)
   defining Unicode char U+015A (decimal 346)
   defining Unicode char U+015B (decimal 347)
   defining Unicode char U+015E (decimal 350)
   defining Unicode char U+015F (decimal 351)
   defining Unicode char U+0160 (decimal 352)
   defining Unicode char U+0161 (decimal 353)
   defining Unicode char U+0162 (decimal 354)
   defining Unicode char U+0163 (decimal 355)
   defining Unicode char U+0164 (decimal 356)
   defining Unicode char U+0165 (decimal 357)
   defining Unicode char U+016E (decimal 366)
   defining Unicode char U+016F (decimal 367)
   defining Unicode char U+0170 (decimal 368)
   defining Unicode char U+0171 (decimal 369)
   defining Unicode char U+0178 (decimal 376)
   defining Unicode char U+0179 (decimal 377)
   defining Unicode char U+017A (decimal 378)
   defining Unicode char U+017B (decimal 379)
   defining Unicode char U+017C (decimal 380)
   defining Unicode char U+017D (decimal 381)
   defining Unicode char U+017E (decimal 382)
   defining Unicode char U+200C (decimal 8204)
   defining Unicode char U+2013 (decimal 8211)
   defining Unicode char U+2014 (decimal 8212)
   defining Unicode char U+2018 (decimal 8216)
   defining Unicode char U+2019 (decimal 8217)
   defining Unicode char U+201A (decimal 8218)
   defining Unicode char U+201C (decimal 8220)
   defining Unicode char U+201D (decimal 8221)
   defining Unicode char U+201E (decimal 8222)
   defining Unicode char U+2030 (decimal 8240)
   defining Unicode char U+2031 (decimal 8241)
   defining Unicode char U+2039 (decimal 8249)
   defining Unicode char U+203A (decimal 8250)
   defining Unicode char U+2423 (decimal 9251)
)
Now handling font encoding OT1 ...
... processing UTF-8 mapping file for font encoding OT1

("C:\Program Files\MiKTeX 2.8\tex\latex\base\ot1enc.dfu"
File: ot1enc.dfu 2008/04/05 v1.1m UTF-8 support for inputenc
   defining Unicode char U+00A1 (decimal 161)
   defining Unicode char U+00A3 (decimal 163)
   defining Unicode char U+00B8 (decimal 184)
   defining Unicode char U+00BF (decimal 191)
   defining Unicode char U+00C5 (decimal 197)
   defining Unicode char U+00C6 (decimal 198)
   defining Unicode char U+00D8 (decimal 216)
   defining Unicode char U+00DF (decimal 223)
   defining Unicode char U+00E6 (decimal 230)
   defining Unicode char U+00EC (decimal 236)
   defining Unicode char U+00ED (decimal 237)
   defining Unicode char U+00EE (decimal 238)
   defining Unicode char U+00EF (decimal 239)
   defining Unicode char U+00F8 (decimal 248)
   defining Unicode char U+0131 (decimal 305)
   defining Unicode char U+0141 (decimal 321)
   defining Unicode char U+0142 (decimal 322)
   defining Unicode char U+0152 (decimal 338)
   defining Unicode char U+0153 (decimal 339)
   defining Unicode char U+2013 (decimal 8211)
   defining Unicode char U+2014 (decimal 8212)
   defining Unicode char U+2018 (decimal 8216)
   defining Unicode char U+2019 (decimal 8217)
   defining Unicode char U+201C (decimal 8220)
   defining Unicode char U+201D (decimal 8221)
)
Now handling font encoding OMS ...
... processing UTF-8 mapping file for font encoding OMS

("C:\Program Files\MiKTeX 2.8\tex\latex\base\omsenc.dfu"
File: omsenc.dfu 2008/04/05 v1.1m UTF-8 support for inputenc
   defining Unicode char U+00A7 (decimal 167)
   defining Unicode char U+00B6 (decimal 182)
   defining Unicode char U+00B7 (decimal 183)
   defining Unicode char U+2020 (decimal 8224)
   defining Unicode char U+2021 (decimal 8225)
   defining Unicode char U+2022 (decimal 8226)
)
Now handling font encoding OMX ...
... no UTF-8 mapping file for font encoding OMX
Now handling font encoding U ...
... no UTF-8 mapping file for font encoding U
   defining Unicode char U+00A9 (decimal 169)
   defining Unicode char U+00AA (decimal 170)
   defining Unicode char U+00AE (decimal 174)
   defining Unicode char U+00BA (decimal 186)
   defining Unicode char U+02C6 (decimal 710)
   defining Unicode char U+02DC (decimal 732)
   defining Unicode char U+200C (decimal 8204)
   defining Unicode char U+2026 (decimal 8230)
   defining Unicode char U+2122 (decimal 8482)
   defining Unicode char U+2423 (decimal 9251)
))
   defining Unicode char U+00A0 (decimal 160)

("C:\Program Files\MiKTeX 2.8\tex\latex\base\fontenc.sty"
Package: fontenc 2005/09/27 v1.99g Standard LaTeX package

("C:\Program Files\MiKTeX 2.8\tex\latex\base\t1enc.def"
File: t1enc.def 2005/09/27 v1.99g Standard LaTeX file
LaTeX Font Info:    Redeclaring font encoding T1 on input line 43.
))
("C:\Program Files\MiKTeX 2.8\tex\generic\babel\babel.sty"
Package: babel 2008/07/06 v3.8l The Babel package

*************************************
* Local config file bblopts.cfg used
*
("C:\Program Files\MiKTeX 2.8\tex\latex\00miktex\bblopts.cfg"
File: bblopts.cfg 2006/07/31 v1.0 MiKTeX 'babel' configuration
)
("C:\Program Files\MiKTeX 2.8\tex\generic\babel\english.ldf"
Language: english 2005/03/30 v3.3o English support from the babel system

("C:\Program Files\MiKTeX 2.8\tex\generic\babel\babel.def"
File: babel.def 2008/07/06 v3.8l Babel common definitions
\babel@savecnt=\count88
\U@D=\dimen103
)
\l@canadian = a dialect from \language\l@american 
\l@australian = a dialect from \language\l@british 
\l@newzealand = a dialect from \language\l@british 
))
("C:\Program Files\MiKTeX 2.8\tex\latex\psnfss\times.sty"
Package: times 2005/04/12 PSNFSS-v9.2a (SPQR) 
)
(C:\thinkcspy\temp\build\latex\fncychap.sty
Package: fncychap 2007/07/30 v1.34 LaTeX package (Revised chapters)
\RW=\skip43
\mylen=\skip44
\myhi=\skip45
\px=\skip46
\py=\skip47
\pyy=\skip48
\pxx=\skip49
\c@AlphaCnt=\count89
\c@AlphaDecCnt=\count90
)
("C:\Program Files\MiKTeX 2.8\tex\latex\tools\longtable.sty"
Package: longtable 2004/02/01 v4.11 Multi-page Table package (DPC)
\LTleft=\skip50
\LTright=\skip51
\LTpre=\skip52
\LTpost=\skip53
\LTchunksize=\count91
\LTcapwidth=\dimen104
\LT@head=\box26
\LT@firsthead=\box27
\LT@foot=\box28
\LT@lastfoot=\box29
\LT@cols=\count92
\LT@rows=\count93
\c@LT@tables=\count94
\c@LT@chunks=\count95
\LT@p@ftn=\toks16
)
(C:\thinkcspy\temp\build\latex\sphinx.sty
Package: sphinx 2010/01/15 LaTeX package (Sphinx markup)

("C:\Program Files\MiKTeX 2.8\tex\latex\base\textcomp.sty"
Package: textcomp 2005/09/27 v1.99g Standard LaTeX package
Package textcomp Info: Sub-encoding information:
(textcomp)               5 = only ISO-Adobe without \textcurrency
(textcomp)               4 = 5 + \texteuro
(textcomp)               3 = 4 + \textohm
(textcomp)               2 = 3 + \textestimated + \textcurrency
(textcomp)               1 = TS1 - \textcircled - \t
(textcomp)               0 = TS1 (full)
(textcomp)             Font families with sub-encoding setting implement
(textcomp)             only a restricted character set as indicated.
(textcomp)             Family '?' is the default used for unknown fonts.
(textcomp)             See the documentation for details.
Package textcomp Info: Setting ? sub-encoding to TS1/1 on input line 71.

("C:\Program Files\MiKTeX 2.8\tex\latex\base\ts1enc.def"
File: ts1enc.def 2001/06/05 v3.0e (jk/car/fm) Standard LaTeX file
Now handling font encoding TS1 ...
... processing UTF-8 mapping file for font encoding TS1

("C:\Program Files\MiKTeX 2.8\tex\latex\base\ts1enc.dfu"
File: ts1enc.dfu 2008/04/05 v1.1m UTF-8 support for inputenc
   defining Unicode char U+00A2 (decimal 162)
   defining Unicode char U+00A3 (decimal 163)
   defining Unicode char U+00A4 (decimal 164)
   defining Unicode char U+00A5 (decimal 165)
   defining Unicode char U+00A6 (decimal 166)
   defining Unicode char U+00A7 (decimal 167)
   defining Unicode char U+00A8 (decimal 168)
   defining Unicode char U+00A9 (decimal 169)
   defining Unicode char U+00AA (decimal 170)
   defining Unicode char U+00AC (decimal 172)
   defining Unicode char U+00AE (decimal 174)
   defining Unicode char U+00AF (decimal 175)
   defining Unicode char U+00B0 (decimal 176)
   defining Unicode char U+00B1 (decimal 177)
   defining Unicode char U+00B2 (decimal 178)
   defining Unicode char U+00B3 (decimal 179)
   defining Unicode char U+00B4 (decimal 180)
   defining Unicode char U+00B5 (decimal 181)
   defining Unicode char U+00B6 (decimal 182)
   defining Unicode char U+00B7 (decimal 183)
   defining Unicode char U+00B9 (decimal 185)
   defining Unicode char U+00BA (decimal 186)
   defining Unicode char U+00BC (decimal 188)
   defining Unicode char U+00BD (decimal 189)
   defining Unicode char U+00BE (decimal 190)
   defining Unicode char U+00D7 (decimal 215)
   defining Unicode char U+00F7 (decimal 247)
   defining Unicode char U+0192 (decimal 402)
   defining Unicode char U+02C7 (decimal 711)
   defining Unicode char U+02D8 (decimal 728)
   defining Unicode char U+02DD (decimal 733)
   defining Unicode char U+0E3F (decimal 3647)
   defining Unicode char U+2016 (decimal 8214)
   defining Unicode char U+2020 (decimal 8224)
   defining Unicode char U+2021 (decimal 8225)
   defining Unicode char U+2022 (decimal 8226)
   defining Unicode char U+2030 (decimal 8240)
   defining Unicode char U+2031 (decimal 8241)
   defining Unicode char U+203B (decimal 8251)
   defining Unicode char U+203D (decimal 8253)
   defining Unicode char U+2044 (decimal 8260)
   defining Unicode char U+204E (decimal 8270)
   defining Unicode char U+2052 (decimal 8274)
   defining Unicode char U+20A1 (decimal 8353)
   defining Unicode char U+20A4 (decimal 8356)
   defining Unicode char U+20A6 (decimal 8358)
   defining Unicode char U+20A9 (decimal 8361)
   defining Unicode char U+20AB (decimal 8363)
   defining Unicode char U+20AC (decimal 8364)
   defining Unicode char U+20B1 (decimal 8369)
   defining Unicode char U+2103 (decimal 8451)
   defining Unicode char U+2116 (decimal 8470)
   defining Unicode char U+2117 (decimal 8471)
   defining Unicode char U+211E (decimal 8478)
   defining Unicode char U+2120 (decimal 8480)
   defining Unicode char U+2122 (decimal 8482)
   defining Unicode char U+2126 (decimal 8486)
   defining Unicode char U+2127 (decimal 8487)
   defining Unicode char U+212E (decimal 8494)
   defining Unicode char U+2190 (decimal 8592)
   defining Unicode char U+2191 (decimal 8593)
   defining Unicode char U+2192 (decimal 8594)
   defining Unicode char U+2193 (decimal 8595)
   defining Unicode char U+2329 (decimal 9001)
   defining Unicode char U+232A (decimal 9002)
   defining Unicode char U+2422 (decimal 9250)
   defining Unicode char U+25E6 (decimal 9702)
   defining Unicode char U+25EF (decimal 9711)
   defining Unicode char U+266A (decimal 9834)
))
LaTeX Info: Redefining \oldstylenums on input line 266.
Package textcomp Info: Setting cmr sub-encoding to TS1/0 on input line 281.
Package textcomp Info: Setting cmss sub-encoding to TS1/0 on input line 282.
Package textcomp Info: Setting cmtt sub-encoding to TS1/0 on input line 283.
Package textcomp Info: Setting cmvtt sub-encoding to TS1/0 on input line 284.
Package textcomp Info: Setting cmbr sub-encoding to TS1/0 on input line 285.
Package textcomp Info: Setting cmtl sub-encoding to TS1/0 on input line 286.
Package textcomp Info: Setting ccr sub-encoding to TS1/0 on input line 287.
Package textcomp Info: Setting ptm sub-encoding to TS1/4 on input line 288.
Package textcomp Info: Setting pcr sub-encoding to TS1/4 on input line 289.
Package textcomp Info: Setting phv sub-encoding to TS1/4 on input line 290.
Package textcomp Info: Setting ppl sub-encoding to TS1/3 on input line 291.
Package textcomp Info: Setting pag sub-encoding to TS1/4 on input line 292.
Package textcomp Info: Setting pbk sub-encoding to TS1/4 on input line 293.
Package textcomp Info: Setting pnc sub-encoding to TS1/4 on input line 294.
Package textcomp Info: Setting pzc sub-encoding to TS1/4 on input line 295.
Package textcomp Info: Setting bch sub-encoding to TS1/4 on input line 296.
Package textcomp Info: Setting put sub-encoding to TS1/5 on input line 297.
Package textcomp Info: Setting uag sub-encoding to TS1/5 on input line 298.
Package textcomp Info: Setting ugq sub-encoding to TS1/5 on input line 299.
Package textcomp Info: Setting ul8 sub-encoding to TS1/4 on input line 300.
Package textcomp Info: Setting ul9 sub-encoding to TS1/4 on input line 301.
Package textcomp Info: Setting augie sub-encoding to TS1/5 on input line 302.
Package textcomp Info: Setting dayrom sub-encoding to TS1/3 on input line 303.
Package textcomp Info: Setting dayroms sub-encoding to TS1/3 on input line 304.

Package textcomp Info: Setting pxr sub-encoding to TS1/0 on input line 305.
Package textcomp Info: Setting pxss sub-encoding to TS1/0 on input line 306.
Package textcomp Info: Setting pxtt sub-encoding to TS1/0 on input line 307.
Package textcomp Info: Setting txr sub-encoding to TS1/0 on input line 308.
Package textcomp Info: Setting txss sub-encoding to TS1/0 on input line 309.
Package textcomp Info: Setting txtt sub-encoding to TS1/0 on input line 310.
Package textcomp Info: Setting futs sub-encoding to TS1/4 on input line 311.
Package textcomp Info: Setting futx sub-encoding to TS1/4 on input line 312.
Package textcomp Info: Setting futj sub-encoding to TS1/4 on input line 313.
Package textcomp Info: Setting hlh sub-encoding to TS1/3 on input line 314.
Package textcomp Info: Setting hls sub-encoding to TS1/3 on input line 315.
Package textcomp Info: Setting hlst sub-encoding to TS1/3 on input line 316.
Package textcomp Info: Setting hlct sub-encoding to TS1/5 on input line 317.
Package textcomp Info: Setting hlx sub-encoding to TS1/5 on input line 318.
Package textcomp Info: Setting hlce sub-encoding to TS1/5 on input line 319.
Package textcomp Info: Setting hlcn sub-encoding to TS1/5 on input line 320.
Package textcomp Info: Setting hlcw sub-encoding to TS1/5 on input line 321.
Package textcomp Info: Setting hlcf sub-encoding to TS1/5 on input line 322.
Package textcomp Info: Setting pplx sub-encoding to TS1/3 on input line 323.
Package textcomp Info: Setting pplj sub-encoding to TS1/3 on input line 324.
Package textcomp Info: Setting ptmx sub-encoding to TS1/4 on input line 325.
Package textcomp Info: Setting ptmj sub-encoding to TS1/4 on input line 326.
)
("C:\Program Files\MiKTeX 2.8\tex\latex\fancyhdr\fancyhdr.sty"
\fancy@headwidth=\skip54
\f@ncyO@elh=\skip55
\f@ncyO@erh=\skip56
\f@ncyO@olh=\skip57
\f@ncyO@orh=\skip58
\f@ncyO@elf=\skip59
\f@ncyO@erf=\skip60
\f@ncyO@olf=\skip61
\f@ncyO@orf=\skip62
)
("C:\Program Files\MiKTeX 2.8\tex\latex\fancybox\fancybox.sty"
Package: fancybox 2010/05/15 1.4

Style option: `fancybox' v1.4 <2010/05/15> (tvz)
\@fancybox=\box30
\shadowsize=\dimen105
\@Sbox=\box31
\do@VerbBox=\toks17
\the@fancyput=\toks18
\this@fancyput=\toks19
\EndVerbatimTokens=\toks20
\Verbatim@Outfile=\write3
\Verbatim@Infile=\read1
) ("C:\Program Files\MiKTeX 2.8\tex\latex\titlesec\titlesec.sty"
Package: titlesec 2007/08/12 v2.8 Sectioning titles
\ttl@box=\box32
\beforetitleunit=\skip63
\aftertitleunit=\skip64
\ttl@plus=\dimen106
\ttl@minus=\dimen107
\ttl@toksa=\toks21
\titlewidth=\dimen108
\titlewidthlast=\dimen109
\titlewidthfirst=\dimen110
)
(C:\thinkcspy\temp\build\latex\tabulary.sty
Package: tabulary 2007/10/02 v0.9 tabulary package (DPC)

("C:\Program Files\MiKTeX 2.8\tex\latex\tools\array.sty"
Package: array 2008/09/09 v2.4c Tabular extension package (FMi)
\col@sep=\dimen111
\extrarowheight=\dimen112
\NC@list=\toks22
\extratabsurround=\skip65
\backup@length=\skip66
)
\TY@count=\count96
\TY@linewidth=\dimen113
\tymin=\dimen114
\tymax=\dimen115
\TY@tablewidth=\dimen116
)
("C:\Program Files\MiKTeX 2.8\tex\latex\ams\math\amsmath.sty"
Package: amsmath 2000/07/18 v2.13 AMS math features
\@mathmargin=\skip67

For additional information on amsmath, use the `?' option.
("C:\Program Files\MiKTeX 2.8\tex\latex\ams\math\amstext.sty"
Package: amstext 2000/06/29 v2.01

("C:\Program Files\MiKTeX 2.8\tex\latex\ams\math\amsgen.sty"
File: amsgen.sty 1999/11/30 v2.0
\@emptytoks=\toks23
\ex@=\dimen117
))
("C:\Program Files\MiKTeX 2.8\tex\latex\ams\math\amsbsy.sty"
Package: amsbsy 1999/11/29 v1.2d
\pmbraise@=\dimen118
)
("C:\Program Files\MiKTeX 2.8\tex\latex\ams\math\amsopn.sty"
Package: amsopn 1999/12/14 v2.01 operator names
)
\inf@bad=\count97
LaTeX Info: Redefining \frac on input line 211.
\uproot@=\count98
\leftroot@=\count99
LaTeX Info: Redefining \overline on input line 307.
\classnum@=\count100
\DOTSCASE@=\count101
LaTeX Info: Redefining \ldots on input line 379.
LaTeX Info: Redefining \dots on input line 382.
LaTeX Info: Redefining \cdots on input line 467.
\Mathstrutbox@=\box33
\strutbox@=\box34
\big@size=\dimen119
LaTeX Font Info:    Redeclaring font encoding OML on input line 567.
LaTeX Font Info:    Redeclaring font encoding OMS on input line 568.
\macc@depth=\count102
\c@MaxMatrixCols=\count103
\dotsspace@=\muskip10
\c@parentequation=\count104
\dspbrk@lvl=\count105
\tag@help=\toks24
\row@=\count106
\column@=\count107
\maxfields@=\count108
\andhelp@=\toks25
\eqnshift@=\dimen120
\alignsep@=\dimen121
\tagshift@=\dimen122
\tagwidth@=\dimen123
\totwidth@=\dimen124
\lineht@=\dimen125
\@envbody=\toks26
\multlinegap=\skip68
\multlinetaggap=\skip69
\mathdisplay@stack=\toks27
LaTeX Info: Redefining \[ on input line 2666.
LaTeX Info: Redefining \] on input line 2667.
)
("C:\Program Files\MiKTeX 2.8\tex\latex\base\makeidx.sty"
Package: makeidx 2000/03/29 v1.0m Standard LaTeX package
)
("C:\Program Files\MiKTeX 2.8\tex\latex\framed\framed.sty"
Package: framed 2007/10/04 v 0.95: framed or shaded text with page breaks
\fb@frw=\dimen126
\fb@frh=\dimen127
\FrameRule=\dimen128
\FrameSep=\dimen129
)
("C:\Program Files\MiKTeX 2.8\tex\latex\base\ifthen.sty"
Package: ifthen 2001/05/26 v1.1c Standard LaTeX ifthen package (DPC)
)
("C:\Program Files\MiKTeX 2.8\tex\latex\graphics\color.sty"
Package: color 2005/11/14 v1.0j Standard LaTeX Color (DPC)

("C:\Program Files\MiKTeX 2.8\tex\latex\00miktex\color.cfg"
File: color.cfg 2007/01/18 v1.5 color configuration of teTeX/TeXLive
)
Package color Info: Driver file: pdftex.def on input line 130.

("C:\Program Files\MiKTeX 2.8\tex\latex\pdftex-def\pdftex.def"
File: pdftex.def 2010/02/14 v0.04n Graphics/color for pdfTeX
\Gread@gobject=\count109
))
("C:\Program Files\MiKTeX 2.8\tex\latex\fancyvrb\fancyvrb.sty"
Package: fancyvrb 2008/02/07

Style option: `fancyvrb' v2.7a, with DG/SPQR fixes, and firstline=lastline fix 
<2008/02/07> (tvz) ("C:\Program Files\MiKTeX 2.8\tex\latex\graphics\keyval.sty"
Package: keyval 1999/03/16 v1.13 key=value parser (DPC)
\KV@toks@=\toks28
)
\FV@CodeLineNo=\count110
\FV@InFile=\read2
\FV@TabBox=\box35
\c@FancyVerbLine=\count111
\FV@StepNumber=\count112
\FV@OutFile=\write4
) ("C:\Program Files\MiKTeX 2.8\tex\latex\threeparttable\threeparttable.sty"
Package: threeparttable 2003/06/13  v 3.0
\@tempboxb=\box36
)
("C:\Program Files\MiKTeX 2.8\tex\latex\mdwtools\footnote.sty"
Package: footnote 1997/01/28 1.13 Save footnotes around boxes
\fn@notes=\box37
\fn@width=\dimen130
)
("C:\Program Files\MiKTeX 2.8\tex\latex\wrapfig\wrapfig.sty"
\wrapoverhang=\dimen131
\WF@size=\dimen132
\c@WF@wrappedlines=\count113
\WF@box=\box38
\WF@everypar=\toks29
Package: wrapfig 2003/01/31  v 3.6
)
("C:\Program Files\MiKTeX 2.8\tex\latex\ltxmisc\parskip.sty"
Package: parskip 2001/04/09 non-zero parskip adjustments
)
("C:\Program Files\MiKTeX 2.8\tex\latex\graphics\graphicx.sty"
Package: graphicx 1999/02/16 v1.0f Enhanced LaTeX Graphics (DPC,SPQR)

("C:\Program Files\MiKTeX 2.8\tex\latex\graphics\graphics.sty"
Package: graphics 2009/02/05 v1.0o Standard LaTeX Graphics (DPC,SPQR)

("C:\Program Files\MiKTeX 2.8\tex\latex\graphics\trig.sty"
Package: trig 1999/03/16 v1.09 sin cos tan (DPC)
)
("C:\Program Files\MiKTeX 2.8\tex\latex\00miktex\graphics.cfg"
File: graphics.cfg 2007/01/18 v1.5 graphics configuration of teTeX/TeXLive
)
Package graphics Info: Driver file: pdftex.def on input line 91.
)
\Gin@req@height=\dimen133
\Gin@req@width=\dimen134
)
("C:\Program Files\MiKTeX 2.8\tex\plain\misc\pdfcolor.tex")
\distancetoright=\skip70
\py@argswidth=\skip71
\py@noticelength=\skip72
\lineblockindentation=\skip73
\image@box=\box39
\image@width=\dimen135

("C:\Program Files\MiKTeX 2.8\tex\latex\hyperref\hyperref.sty"
Package: hyperref 2010/03/30 v6.80u Hypertext links for LaTeX

("C:\Program Files\MiKTeX 2.8\tex\generic\oberdiek\ltxcmds.sty"
Package: ltxcmds 2010/04/08 v1.5 LaTeX kernel commands for general use (HO)
)
("C:\Program Files\MiKTeX 2.8\tex\generic\oberdiek\kvsetkeys.sty"
Package: kvsetkeys 2010/03/01 v1.9 Key value parser (HO)

("C:\Program Files\MiKTeX 2.8\tex\generic\oberdiek\infwarerr.sty"
Package: infwarerr 2010/04/08 v1.3 Providing info/warning/message (HO)
)
("C:\Program Files\MiKTeX 2.8\tex\generic\oberdiek\etexcmds.sty"
Package: etexcmds 2010/01/28 v1.3 Prefix for e-TeX command names (HO)
Package etexcmds Info: Could not find \expanded.
(etexcmds)             That can mean that you are not using pdfTeX 1.50 or
(etexcmds)             that some package has redefined \expanded.
(etexcmds)             In the latter case, load this package earlier.
))
("C:\Program Files\MiKTeX 2.8\tex\generic\oberdiek\pdfescape.sty"
Package: pdfescape 2010/03/01 v1.9 Provides hex, PDF name and string conversion
s (HO)

("C:\Program Files\MiKTeX 2.8\tex\generic\oberdiek\pdftexcmds.sty"
Package: pdftexcmds 2010/04/01 v0.9 Utility functions of pdfTeX for LuaTeX (HO)


("C:\Program Files\MiKTeX 2.8\tex\generic\oberdiek\ifluatex.sty"
Package: ifluatex 2010/03/01 v1.3 Provides the ifluatex switch (HO)
Package ifluatex Info: LuaTeX not detected.
)
Package pdftexcmds Info: LuaTeX not detected.
Package pdftexcmds Info: \pdf@primitive is available.
Package pdftexcmds Info: \pdf@ifprimitive is available.
))
("C:\Program Files\MiKTeX 2.8\tex\generic\oberdiek\ifpdf.sty"
Package: ifpdf 2010/01/28 v2.1 Provides the ifpdf switch (HO)
Package ifpdf Info: pdfTeX in pdf mode detected.
)
("C:\Program Files\MiKTeX 2.8\tex\generic\oberdiek\ifvtex.sty"
Package: ifvtex 2010/03/01 v1.5 Switches for detecting VTeX and its modes (HO)
Package ifvtex Info: VTeX not detected.
)
("C:\Program Files\MiKTeX 2.8\tex\latex\ifxetex\ifxetex.sty"
Package: ifxetex 2009/01/23 v0.5 Provides ifxetex conditional
)
("C:\Program Files\MiKTeX 2.8\tex\latex\oberdiek\hycolor.sty"
Package: hycolor 2009/12/12 v1.6 Color options of hyperref/bookmark (HO)

("C:\Program Files\MiKTeX 2.8\tex\latex\oberdiek\xcolor-patch.sty"
Package: xcolor-patch 2009/12/12 xcolor patch
))
("C:\Program Files\MiKTeX 2.8\tex\latex\oberdiek\letltxmacro.sty"
Package: letltxmacro 2008/06/24 v1.3 Let assignment for LaTeX macros (HO)
)
\@linkdim=\dimen136
\Hy@linkcounter=\count114
\Hy@pagecounter=\count115

("C:\Program Files\MiKTeX 2.8\tex\latex\hyperref\pd1enc.def"
File: pd1enc.def 2010/03/30 v6.80u Hyperref: PDFDocEncoding definition (HO)
Now handling font encoding PD1 ...
... no UTF-8 mapping file for font encoding PD1
)
("C:\Program Files\MiKTeX 2.8\tex\generic\oberdiek\intcalc.sty"
Package: intcalc 2007/09/27 v1.1 Expandable integer calculations (HO)
)
("C:\Program Files\MiKTeX 2.8\tex\latex\00miktex\hyperref.cfg"
File: hyperref.cfg 2002/06/06 v1.2 hyperref configuration of TeXLive
)
("C:\Program Files\MiKTeX 2.8\tex\latex\oberdiek\kvoptions.sty"
Package: kvoptions 2010/02/22 v3.7 Keyval support for LaTeX options (HO)
)
Package hyperref Info: Option `colorlinks' set `true' on input line 3528.
Package hyperref Info: Option `breaklinks' set `true' on input line 3528.
Package hyperref Info: Hyper figures OFF on input line 3609.
Package hyperref Info: Link nesting OFF on input line 3614.
Package hyperref Info: Hyper index ON on input line 3617.
Package hyperref Info: Plain pages OFF on input line 3624.
Package hyperref Info: Backreferencing OFF on input line 3629.

Implicit mode ON; LaTeX internals redefined
Package hyperref Info: Bookmarks ON on input line 3825.
("C:\Program Files\MiKTeX 2.8\tex\latex\ltxmisc\url.sty"
\Urlmuskip=\muskip11
Package: url 2006/04/12  ver 3.3  Verb mode for urls, etc.
)
LaTeX Info: Redefining \url on input line 4105.

("C:\Program Files\MiKTeX 2.8\tex\generic\oberdiek\bitset.sty"
Package: bitset 2007/09/28 v1.0 Data type bit set (HO)

("C:\Program Files\MiKTeX 2.8\tex\generic\oberdiek\bigintcalc.sty"
Package: bigintcalc 2007/11/11 v1.1 Expandable big integer calculations (HO)
))
\Fld@menulength=\count116
\Field@Width=\dimen137
\Fld@charsize=\dimen138
\Field@toks=\toks30
Package hyperref Info: Hyper figures OFF on input line 5083.
Package hyperref Info: Link nesting OFF on input line 5088.
Package hyperref Info: Hyper index ON on input line 5091.
Package hyperref Info: backreferencing OFF on input line 5098.
Package hyperref Info: Link coloring ON on input line 5101.
Package hyperref Info: Link coloring with OCG OFF on input line 5108.
Package hyperref Info: PDF/A mode OFF on input line 5113.
LaTeX Info: Redefining \ref on input line 5153.
LaTeX Info: Redefining \pageref on input line 5157.

("C:\Program Files\MiKTeX 2.8\tex\generic\oberdiek\atbegshi.sty"
Package: atbegshi 2010/03/25 v1.12 At begin shipout hook (HO)
)
\Hy@abspage=\count117
\c@Item=\count118
\c@Hfootnote=\count119
)
* hyperref using default driver hpdftex *
("C:\Program Files\MiKTeX 2.8\tex\latex\hyperref\hpdftex.def"
File: hpdftex.def 2010/03/30 v6.80u Hyperref driver for pdfTeX

("C:\Program Files\MiKTeX 2.8\tex\latex\oberdiek\atveryend.sty"
Package: atveryend 2010/03/24 v1.5 Hooks at very end of document (HO)
Package atveryend Info: \enddocument detected (standard).
)
\Fld@listcount=\count120
\c@bookmark@seq@number=\count121

("C:\Program Files\MiKTeX 2.8\tex\latex\oberdiek\rerunfilecheck.sty"
Package: rerunfilecheck 2010/03/16 v1.6 Rerun checks for auxiliary files (HO)

("C:\Program Files\MiKTeX 2.8\tex\generic\oberdiek\uniquecounter.sty"
Package: uniquecounter 2009/12/18 v1.1 Provides unlimited unique counter (HO)
)
Package uniquecounter Info: New unique counter `rerunfilecheck' on input line 2
71.
)
\Hy@SectionHShift=\skip74
)
("C:\Program Files\MiKTeX 2.8\tex\latex\oberdiek\hypcap.sty"
Package: hypcap 2008/09/08 v1.10 Adjusting anchors of captions (HO)
)
\DUlineblockindent=\skip75
)
("C:\Program Files\MiKTeX 2.8\tex\latex\multirow\multirow.sty"
\bigstrutjot=\dimen139
)
\@indexfile=\write5

Writing index file think.idx
(C:\thinkcspy\temp\build\latex\think.aux)
LaTeX Font Info:    Checking defaults for OML/cmm/m/it on input line 86.
LaTeX Font Info:    ... okay on input line 86.
LaTeX Font Info:    Checking defaults for T1/cmr/m/n on input line 86.
LaTeX Font Info:    ... okay on input line 86.
LaTeX Font Info:    Checking defaults for OT1/cmr/m/n on input line 86.
LaTeX Font Info:    ... okay on input line 86.
LaTeX Font Info:    Checking defaults for OMS/cmsy/m/n on input line 86.
LaTeX Font Info:    ... okay on input line 86.
LaTeX Font Info:    Checking defaults for OMX/cmex/m/n on input line 86.
LaTeX Font Info:    ... okay on input line 86.
LaTeX Font Info:    Checking defaults for U/cmr/m/n on input line 86.
LaTeX Font Info:    ... okay on input line 86.
LaTeX Font Info:    Checking defaults for TS1/cmr/m/n on input line 86.
LaTeX Font Info:    Try loading font information for TS1+cmr on input line 86.

("C:\Program Files\MiKTeX 2.8\tex\latex\base\ts1cmr.fd"
File: ts1cmr.fd 1999/05/25 v2.5h Standard LaTeX font definitions
)
LaTeX Font Info:    ... okay on input line 86.
LaTeX Font Info:    Checking defaults for PD1/pdf/m/n on input line 86.
LaTeX Font Info:    ... okay on input line 86.
LaTeX Font Info:    Try loading font information for T1+ptm on input line 86.

("C:\Program Files\MiKTeX 2.8\tex\latex\psnfss\t1ptm.fd"
File: t1ptm.fd 2001/06/04 font definitions for T1/ptm.
)
("C:\Program Files\MiKTeX 2.8\tex\context\base\supp-pdf.tex"
[Loading MPS to PDF converter (version 2006.09.02).]
\scratchcounter=\count122
\scratchdimen=\dimen140
\scratchbox=\box40
\nofMPsegments=\count123
\nofMParguments=\count124
\everyMPshowfont=\toks31
\MPscratchCnt=\count125
\MPscratchDim=\dimen141
\MPnumerator=\count126
\everyMPtoPDFconversion=\toks32
)
\AtBeginShipoutBox=\box41
Package hyperref Info: Link coloring ON on input line 86.
 ("C:\Program Files\MiKTeX 2.8\tex\latex\hyperref\nameref.sty"
Package: nameref 2010/01/25 v2.36 Cross-referencing by name of section

("C:\Program Files\MiKTeX 2.8\tex\latex\oberdiek\refcount.sty"
Package: refcount 2008/08/11 v3.1 Data extraction from references (HO)
)
("C:\Program Files\MiKTeX 2.8\tex\generic\oberdiek\gettitlestring.sty"
Package: gettitlestring 2009/12/18 v1.3 Cleanup title references (HO)
)
\c@section@level=\count127
)
LaTeX Info: Redefining \ref on input line 86.
LaTeX Info: Redefining \pageref on input line 86.

(C:\thinkcspy\temp\build\latex\think.out)
(C:\thinkcspy\temp\build\latex\think.out)
\@outlinefile=\write6

Underfull \hbox (badness 10000) in paragraph at lines 89--89

 []

LaTeX Font Info:    Try loading font information for T1+phv on input line 89.
("C:\Program Files\MiKTeX 2.8\tex\latex\psnfss\t1phv.fd"
File: t1phv.fd 2001/06/04 scalable font definitions for T1/phv.
)
LaTeX Font Info:    Font shape `T1/phv/bx/n' in size <24.88> not available
(Font)              Font shape `T1/phv/b/n' tried instead on input line 89.
LaTeX Font Info:    Font shape `T1/phv/m/it' in size <20.74> not available
(Font)              Font shape `T1/phv/m/sl' tried instead on input line 89.
LaTeX Font Info:    Font shape `T1/phv/bx/it' in size <20.74> not available
(Font)              Font shape `T1/phv/b/it' tried instead on input line 89.
LaTeX Font Info:    Font shape `T1/phv/b/it' in size <20.74> not available
(Font)              Font shape `T1/phv/b/sl' tried instead on input line 89.
LaTeX Font Info:    Font shape `T1/phv/bx/n' in size <20.74> not available
(Font)              Font shape `T1/phv/b/n' tried instead on input line 89.
 [1

{C:/ProgramData/MiKTeX/2.8/pdftex/config/pdftex.map}] [2

] (C:\thinkcspy\temp\build\latex\think.toc
LaTeX Font Info:    Font shape `T1/ptm/bx/n' in size <12> not available
(Font)              Font shape `T1/ptm/b/n' tried instead on input line 2.
LaTeX Font Info:    Font shape `T1/phv/bx/n' in size <12> not available
(Font)              Font shape `T1/phv/b/n' tried instead on input line 36.
pdfTeX warning (ext4): destination with the same identifier (name{page.i}) has 
been already used, duplicate ignored
<to be read again> 
                   \relax 
l.36 ...urtle methods and tricks}{32}{section.3.6}
                                                   [1

]
LaTeX Font Info:    Try loading font information for T1+pcr on input line 55.

("C:\Program Files\MiKTeX 2.8\tex\latex\psnfss\t1pcr.fd"
File: t1pcr.fd 2001/06/04 font definitions for T1/pcr.
)pdfTeX warning (ext4): destination with the same identifier (name{page.ii}) ha
s been already used, duplicate ignored
<to be read again> 
                   \relax 
l.81 ...ine {7.7}Counting digits}{92}{section.7.7}
                                                   [2] [3] [4] [5] [6] [7])
\tf@toc=\write7

[8] <gasp_lessons.png, id=1584, 154.176pt x 154.176pt>
File: gasp_lessons.png Graphic file (type png)
 <use gasp_lessons.png>
File: gasp_lessons.png Graphic file (type png)

<use gasp_lessons.png>
LaTeX Font Info:    Try loading font information for TS1+ptm on input line 113.

 ("C:\Program Files\MiKTeX 2.8\tex\latex\psnfss\ts1ptm.fd"
File: ts1ptm.fd 2001/06/04 font definitions for TS1/ptm.
)

Package Fancyhdr Warning: \headheight is too small (12.0pt): 
 Make it at least 27.60402pt.
 We now make it that large for the rest of the document.
 This may cause the page layout to be inconsistent, however.

[1

 <C:/thinkcspy/temp/build/latex/gasp_lessons.png>] [0]
Chapter 1.
LaTeX Font Info:    Font shape `T1/phv/bx/n' in size <17.28> not available
(Font)              Font shape `T1/phv/b/n' tried instead on input line 201.
<interpreter_sshot.png, id=1601, 523.9575pt x 122.70844pt>
File: interpreter_sshot.png Graphic file (type png)

<use interpreter_sshot.png>
File: interpreter_sshot.png Graphic file (type png)
 <use interpreter_sshot.png>pdfTeX warning (ext4): destination with the same id
entifier (name{page.1}) has been already used, duplicate ignored
<to be read again> 
                   \relax 
l.250 T
       he \code{\textgreater{}\textgreater{}\textgreater{}} is called the \t...
[1

] <my_first_program.png, id=1607, 524.71031pt x 328.22626pt>
File: my_first_program.png Graphic file (type png)

<use my_first_program.png>
File: my_first_program.png Graphic file (type png)
 <use my_first_program.png> [2 <C:/thinkcspy/temp/build/latex/interpreter_sshot
.png> <C:/thinkcspy/temp/build/latex/my_first_program.png>] [3] [4] [5]
LaTeX Font Info:    Font shape `T1/pcr/m/it' in size <10.95> not available
(Font)              Font shape `T1/pcr/m/sl' tried instead on input line 525.
 [6] [7] [8]
LaTeX Font Info:    Font shape `T1/pcr/bx/n' in size <10.95> not available
(Font)              Font shape `T1/pcr/b/n' tried instead on input line 708.
 [9] [10]
Chapter 2.
[11

] [12] <state.png, id=1698, 144.54pt x 52.998pt>
File: state.png Graphic file (type png)
 <use state.png>
File: state.png Graphic file (type png)

<use state.png> [13 <C:/thinkcspy/temp/build/latex/state.png>] [14]
Underfull \hbox (badness 10000) in paragraph at lines 1158--1159

 []

[15] [16] [17] [18]
<enter_name_dialog.png, id=1729, 181.42781pt x 106.14656pt>
File: enter_name_dialog.png Graphic file (type png)

<use enter_name_dialog.png>
File: enter_name_dialog.png Graphic file (type png)
 <use enter_name_dialog.png> [19]
<circle_area.png, id=1735, 73.77562pt x 22.58438pt>
File: circle_area.png Graphic file (type png)
 <use circle_area.png>
File: circle_area.png Graphic file (type png)

<use circle_area.png> [20 <C:/thinkcspy/temp/build/latex/enter_name_dialog.png 
(PNG copy)> <C:/thinkcspy/temp/build/latex/circle_area.png (PNG copy)>]
[21] [22] <compoundInterest.png, id=1766, 298.11375pt x 124.96687pt>
File: compoundInterest.png Graphic file (type png)

<use compoundInterest.png>
File: compoundInterest.png Graphic file (type png)
 <use compoundInterest.png> [23 <C:/thinkcspy/temp/build/latex/compoundInterest
.png (PNG copy)>] [24]
Chapter 3.
<tess01.png, id=1795, 232.61906pt x 173.89969pt>
File: tess01.png Graphic file (type png)
 <use tess01.png>
File: tess01.png Graphic file (type png)

<use tess01.png> [25

] [26 <C:/thinkcspy/temp/build/latex/tess01.png (PNG copy)>] <tess02.png, id=18
05, 202.50656pt x 194.97844pt>
File: tess02.png Graphic file (type png)
 <use tess02.png>
File: tess02.png Graphic file (type png)

<use tess02.png> [27 <C:/thinkcspy/temp/build/latex/tess02.png (PNG copy)>]
<tess03.png, id=1814, 233.37187pt x 236.38312pt>
File: tess03.png Graphic file (type png)
 <use tess03.png>
File: tess03.png Graphic file (type png)

<use tess03.png> [28] [29 <C:/thinkcspy/temp/build/latex/tess03.png (PNG copy)>
] <flowchart_for.png, id=1823, 169.8345pt x 275.429pt>
File: flowchart_for.png Graphic file (type png)
 <use flowchart_for.png>
[30]
File: flowchart_for.png Graphic file (type png)
 <use flowchart_for.png> [31 <C:/thinkcspy/temp/build/latex/flowchart_for.png>]
 [32] <alex06.png, id=1838, 179.16937pt x 161.85469pt>
File: alex06.png Graphic file (type png)
 <use alex06.png>
File: alex06.png Graphic file (type png)

<use alex06.png> [33 <C:/thinkcspy/temp/build/latex/alex06.png (PNG copy)>]
<tess07.png, id=1843, 307.1475pt x 268.75406pt>
File: tess07.png Graphic file (type png)
 <use tess07.png>
File: tess07.png Graphic file (type png)

<use tess07.png> [34 <C:/thinkcspy/temp/build/latex/tess07.png (PNG copy)>]
[35] <star.png, id=1875, 86.57344pt x 79.04532pt>
File: star.png Graphic file (type png)
 <use star.png>
File: star.png Graphic file (type png)

<use star.png> [36 <C:/thinkcspy/temp/build/latex/star.png (PNG copy)>]
<tess_clock1.png, id=1887, 179.92218pt x 177.66376pt>
File: tess_clock1.png Graphic file (type png)
 <use tess_clock1.png>
File: tess_clock1.png Graphic file (type png)

<use tess_clock1.png> [37 <C:/thinkcspy/temp/build/latex/tess_clock1.png (PNG c
opy)>] [38

]
Chapter 4.
[39] <alex04.png, id=1907, 205.5178pt x 182.93344pt>
File: alex04.png Graphic file (type png)
 <use alex04.png>
File: alex04.png Graphic file (type png)

<use alex04.png> [40 <C:/thinkcspy/temp/build/latex/alex04.png (PNG copy)>]
<tess05.png, id=1912, 154.32657pt x 127.22531pt>
File: tess05.png Graphic file (type png)
 <use tess05.png>
File: tess05.png Graphic file (type png)

<use tess05.png> [41 <C:/thinkcspy/temp/build/latex/tess05.png (PNG copy)>]
[42] [43] <breakpoint.png, id=1928, 505.89pt x 386.19281pt>
File: breakpoint.png Graphic file (type png)

<use breakpoint.png>
File: breakpoint.png Graphic file (type png)
 <use breakpoint.png> [44 <C:/thinkcspy/temp/build/latex/breakpoint.png>] [45]
File: compoundInterest.png Graphic file (type png)
 <use compoundInterest.png>
File: compoundInterest.png Graphic file (type png)
 <use compoundInterest.png>
[46]
Underfull \hbox (badness 10000) in paragraph at lines 2919--2923
[]\T1/ptm/m/n/12 The line \T1/pcr/m/n/12 toInvest = float(input("How much do yo
u want to
 []

[47] [48] [49] <five_squares.png, id=1972, 214.55156pt x 79.79813pt>
File: five_squares.png Graphic file (type png)

<use five_squares.png>
File: five_squares.png Graphic file (type png)
 <use five_squares.png>
<nested_squares.png, id=1973, 143.03438pt x 112.92188pt>
File: nested_squares.png Graphic file (type png)

<use nested_squares.png>
File: nested_squares.png Graphic file (type png)
 <use nested_squares.png>
<regularpolygon.png, id=1974, 123.46124pt x 115.93312pt>
File: regularpolygon.png Graphic file (type png)

<use regularpolygon.png>
File: regularpolygon.png Graphic file (type png)
 <use regularpolygon.png> [50 <C:/thinkcspy/temp/build/latex/five_squares.png (
PNG copy)> <C:/thinkcspy/temp/build/latex/nested_squares.png (PNG copy)>] <tess
08.png, id=1990, 227.34938pt x 239.39438pt>
File: tess08.png Graphic file (type png)

<use tess08.png>
File: tess08.png Graphic file (type png)
 <use tess08.png>
<tess_spirals.png, id=1991, 612.78937pt x 274.02374pt>
File: tess_spirals.png Graphic file (type png)
 <use tess_spirals.png>
File: tess_spirals.png Graphic file (type png)

<use tess_spirals.png> [51 <C:/thinkcspy/temp/build/latex/regularpolygon.png (P
NG copy)> <C:/thinkcspy/temp/build/latex/tess08.png (PNG copy)> <C:/thinkcspy/t
emp/build/latex/tess_spirals.png (PNG copy)>]
File: star.png Graphic file (type png)
 <use star.png>
File: star.png Graphic file (type png)
 <use star.png>
<five_stars.png, id=2002, 327.47343pt x 294.34969pt>
File: five_stars.png Graphic file (type png)
 <use five_stars.png>
File: five_stars.png Graphic file (type png)

<use five_stars.png> [52 <C:/thinkcspy/temp/build/latex/five_stars.png (PNG cop
y)>]
Chapter 5.
[53

] [54] [55] <flowchart_if_else.png, id=2024, 212.29312pt x 246.9225pt>
File: flowchart_if_else.png Graphic file (type png)

<use flowchart_if_else.png>
File: flowchart_if_else.png Graphic file (type png)
 <use flowchart_if_else.png> [56 <C:/thinkcspy/temp/build/latex/flowchart_if_el
se.png (PNG copy)>]
LaTeX Font Info:    Font shape `T1/pcr/bx/n' in size <17.28> not available
(Font)              Font shape `T1/pcr/b/n' tried instead on input line 3580.

<flowchart_if_only.png, id=2029, 170.13562pt x 258.21469pt>
File: flowchart_if_only.png Graphic file (type png)

<use flowchart_if_only.png>
File: flowchart_if_only.png Graphic file (type png)
 <use flowchart_if_only.png>
LaTeX Font Info:    Font shape `T1/pcr/bx/n' in size <12> not available
(Font)              Font shape `T1/pcr/b/n' tried instead on input line 3590.
 [57 <C:/thinkcspy/temp/build/latex/flowchart_if_only.png (PNG copy)>]
<flowchart_chained_conditional.png, id=2034, 260.47313pt x 255.95625pt>
File: flowchart_chained_conditional.png Graphic file (type png)

<use flowchart_chained_conditional.png>
File: flowchart_chained_conditional.png Graphic file (type png)

<use flowchart_chained_conditional.png> [58]
<flowchart_nested_conditional.png, id=2039, 246.9225pt x 273.27094pt>
File: flowchart_nested_conditional.png Graphic file (type png)

<use flowchart_nested_conditional.png>
File: flowchart_nested_conditional.png Graphic file (type png)
 <use flowchart_nested_conditional.png>
[59 <C:/thinkcspy/temp/build/latex/flowchart_chained_conditional.png (PNG copy)
>] [60 <C:/thinkcspy/temp/build/latex/flowchart_nested_conditional.png (PNG cop
y)>] [61] [62] [63] <tess_bar_1.png, id=2062, 303.38344pt x 217.5628pt>
File: tess_bar_1.png Graphic file (type png)

<use tess_bar_1.png>
File: tess_bar_1.png Graphic file (type png)
 <use tess_bar_1.png> [64]
<tess_bar_2.png, id=2067, 304.13625pt x 229.60782pt>
File: tess_bar_2.png Graphic file (type png)
 <use tess_bar_2.png>
File: tess_bar_2.png Graphic file (type png)

<use tess_bar_2.png>
Overfull \vbox (1.47125pt too high) detected at line 4072
 []

[65 <C:/thinkcspy/temp/build/latex/tess_bar_1.png> <C:/thinkcspy/temp/build/lat
ex/tess_bar_2.png>] <tess_bar_3.png, id=2074, 292.84406pt x 224.33812pt>
File: tess_bar_3.png Graphic file (type png)

<use tess_bar_3.png>
File: tess_bar_3.png Graphic file (type png)
 <use tess_bar_3.png> [66 <C:/thinkcspy/temp/build/latex/tess_bar_3.png>] [67] 
[68] [69] [70

]
Chapter 6.
[71] [72] <distance_formula.png, id=2142, 218.416pt x 25.696pt>
File: distance_formula.png Graphic file (type png)

<use distance_formula.png>
File: distance_formula.png Graphic file (type png)
 <use distance_formula.png> [73 <C:/thinkcspy/temp/build/latex/distance_formula
.png>] [74] [75] [76] [77] [78] [79] [80] [81]
Underfull \hbox (badness 5939) in paragraph at lines 5252--5256
\T1/ptm/m/n/12 ing at least one ref-er-ence about think-ing, and about fun idea
s like \T1/ptm/m/it/12 fluid
 []


Underfull \hbox (badness 10000) in paragraph at lines 5252--5256
\T1/ptm/m/it/12 in-tel-li-gence\T1/ptm/m/n/12 , a key in-gre-di-ent in prob-lem
 solv-ing. See, for ex-am-ple,
 []


Underfull \hbox (badness 10000) in paragraph at lines 5252--5256
[][]\T1/ptm/m/n/12 http://psychology.about.com/od/cognitivepsychology/a/fluid-c
rystal.htm[][]. Learn-ing
 []

[82] [83] [84]
Chapter 7.
[85

] [86] [87]
Underfull \hbox (badness 10000) in paragraph at lines 5606--5608
[]\T1/ptm/m/n/12 then
 []

[88]
LaTeX Font Info:    Font shape `T1/pcr/bx/it' in size <10.95> not available
(Font)              Font shape `T1/pcr/b/it' tried instead on input line 5680.
LaTeX Font Info:    Font shape `T1/pcr/b/it' in size <10.95> not available
(Font)              Font shape `T1/pcr/b/sl' tried instead on input line 5680.
 [89] [90] [91] [92] <help_range.png, id=2269, 671.50874pt x 450.9347pt>
File: help_range.png Graphic file (type png)

<use help_range.png>
File: help_range.png Graphic file (type png)
 <use help_range.png> [93] [94 <C:/thinkcspy/temp/build/latex/help_range.png (P
NG copy)>] [95] [96] [97]
<stack2.png, id=2291, 162.206pt x 64.24pt>
File: stack2.png Graphic file (type png)
 <use stack2.png>
File: stack2.png Graphic file (type png)
 <use stack2.png>
[98 <C:/thinkcspy/temp/build/latex/stack2.png>]
<pre_test_loop.png, id=2298, 100.87688pt x 142.28156pt>
File: pre_test_loop.png Graphic file (type png)

<use pre_test_loop.png>
File: pre_test_loop.png Graphic file (type png)
 <use pre_test_loop.png>
<mid_test_loop.png, id=2299, 98.61844pt x 191.9672pt>
File: mid_test_loop.png Graphic file (type png)
 <use mid_test_loop.png>
File: mid_test_loop.png Graphic file (type png)

<use mid_test_loop.png> [99 <C:/thinkcspy/temp/build/latex/pre_test_loop.png> <
C:/thinkcspy/temp/build/latex/mid_test_loop.png>] [100]
<python_input.png, id=2310, 181.42781pt x 155.07938pt>
File: python_input.png Graphic file (type png)
 <use python_input.png>
File: python_input.png Graphic file (type png)

<use python_input.png> [101 <C:/thinkcspy/temp/build/latex/python_input.png (PN
G copy)>] [102] [103] [104] [105] [106] [107] [108] [109]
<tess_house.png, id=2392, 65.49469pt x 99.37125pt>
File: tess_house.png Graphic file (type png)
 <use tess_house.png>
File: tess_house.png Graphic file (type png)

<use tess_house.png> <tess_more_houses.png, id=2393, 451.6875pt x 99.37125pt>
File: tess_more_houses.png Graphic file (type png)

<use tess_more_houses.png>
File: tess_more_houses.png Graphic file (type png)
 <use tess_more_houses.png> [110 <C:/thinkcspy/temp/build/latex/tess_house.png>
 <C:/thinkcspy/temp/build/latex/tess_more_houses.png>] [111] [112]
Chapter 8.
[113

] <string_methods.png, id=2426, 134.00063pt x 423.08063pt>
File: string_methods.png Graphic file (type png)

<use string_methods.png>
File: string_methods.png Graphic file (type png)
 <use string_methods.png>
<swapcase.png, id=2427, 370.38374pt x 79.79813pt>
File: swapcase.png Graphic file (type png)
 <use swapcase.png>
File: swapcase.png Graphic file (type png)

<use swapcase.png> [114 <C:/thinkcspy/temp/build/latex/string_methods.png (PNG 
copy)> <C:/thinkcspy/temp/build/latex/swapcase.png (PNG copy)>] [115] [116]
[117] <banana.png, id=2446, 196.735pt x 51.19125pt>
File: banana.png Graphic file (type png)
 <use banana.png>
File: banana.png Graphic file (type png)

<use banana.png> [118 <C:/thinkcspy/temp/build/latex/banana.png (PNG copy)>]
[119] [120] [121] [122] [123] [124]
LaTeX Font Info:    Font shape `T1/ptm/bx/it' in size <12> not available
(Font)              Font shape `T1/ptm/b/it' tried instead on input line 7924.

Underfull \hbox (badness 10000) in paragraph at lines 7924--7926
[]\T1/pcr/m/n/12 ... {0} ... {1} ... {2} ...
 []

[125] [126] [127] [128] [129] [130] [131] [132

]
Chapter 9.
[133] [134] [135] [136]
Chapter 10.
[137

] [138] [139] [140]
<fsm_traffic_lights.png, id=2585, 180.675pt x 120.45pt>
File: fsm_traffic_lights.png Graphic file (type png)

<use fsm_traffic_lights.png>
File: fsm_traffic_lights.png Graphic file (type png)
 <use fsm_traffic_lights.png> [141 <C:/thinkcspy/temp/build/latex/fsm_traffic_l
ights.png>] [142] [143]
<fsm_tennis_scores.png, id=2606, 264.99pt x 130.98938pt>
File: fsm_tennis_scores.png Graphic file (type png)

<use fsm_tennis_scores.png>
File: fsm_tennis_scores.png Graphic file (type png)
 <use fsm_tennis_scores.png> [144 <C:/thinkcspy/temp/build/latex/fsm_tennis_sco
res.png>]
Chapter 11.
[145

] [146] [147] [148] [149] <list1.png, id=2638, 218.8175pt x 43.16125pt>
File: list1.png Graphic file (type png)

<use list1.png>
File: list1.png Graphic file (type png)
 <use list1.png>
<mult_references2.png, id=2639, 105.996pt x 47.377pt>
File: mult_references2.png Graphic file (type png)

<use mult_references2.png>
File: mult_references2.png Graphic file (type png)
 <use mult_references2.png> [150 <C:/thinkcspy/temp/build/latex/list1.png (PNG 
copy)>]
<mult_references3.png, id=2644, 111.617pt x 47.377pt>
File: mult_references3.png Graphic file (type png)

<use mult_references3.png>
File: mult_references3.png Graphic file (type png)
 <use mult_references3.png> [151 <C:/thinkcspy/temp/build/latex/mult_references
2.png> <C:/thinkcspy/temp/build/latex/mult_references3.png>]
File: mult_references2.png Graphic file (type png)
 <use mult_references2.png>
File: mult_references2.png Graphic file (type png)
 <use mult_references2.png> [152]
<mult_references4.png, id=2656, 218.416pt x 49.786pt>
File: mult_references4.png Graphic file (type png)

<use mult_references4.png>
File: mult_references4.png Graphic file (type png)
 <use mult_references4.png> [153]
Underfull \hbox (badness 10000) in paragraph at lines 9714--9719
[]\T1/ptm/m/n/12 We've al-ready men-tioned the Python vi-su-al-izer at
 []

[154 <C:/thinkcspy/temp/build/latex/mult_references4.png>] [155] [156] [157]
[158] <matrix2.png, id=2684, 75.28125pt x 57.96657pt>
File: matrix2.png Graphic file (type png)
 <use matrix2.png>
File: matrix2.png Graphic file (type png)

<use matrix2.png> [159 <C:/thinkcspy/temp/build/latex/matrix2.png>] [160]
Underfull \hbox (badness 10000) in paragraph at lines 10274--10279
[]\T1/ptm/m/it/12 Extra chal-lenge for the math-e-mat-i-cally in-clined\T1/ptm/
m/n/12 : Write a func-tion
 []

[161] [162]
Chapter 12.
[163

]
LaTeX Font Info:    Font shape `T1/phv/bx/n' in size <14.4> not available
(Font)              Font shape `T1/phv/b/n' tried instead on input line 10434.
 [164] [165] [166] [167] [168] [169] [170] [171] [172] [173] [174]
Underfull \hbox (badness 10000) in paragraph at lines 11181--11183
[]\T1/ptm/m/n/12 Add the fol-low-ing state-ment to \T1/pcr/m/n/12 mymodule1.py\
T1/ptm/m/n/12 , \T1/pcr/m/n/12 mymodule2.py\T1/ptm/m/n/12 , and
 []

[175] [176] [177] [178

]
Chapter 13.
[179] [180] [181] [182] [183] [184] [185] [186]
Chapter 14.
[187

] [188] [189] [190] [191] [192] [193]
<log2np1.png, id=2909, 149.8097pt x 33.87656pt>
File: log2np1.png Graphic file (type png)
 <use log2np1.png>
File: log2np1.png Graphic file (type png)

<use log2np1.png> [194 <C:/thinkcspy/temp/build/latex/log2np1.png>] [195]
[196] [197] [198] <eight_queens_01.png, id=2931, 207.77625pt x 223.58531pt>
File: eight_queens_01.png Graphic file (type png)

<use eight_queens_01.png>
File: eight_queens_01.png Graphic file (type png)
 <use eight_queens_01.png> [199 <C:/thinkcspy/temp/build/latex/eight_queens_01.
png>] [200] [201] [202] [203] [204] [205] [206]
[207] [208

]
Chapter 15.
[209] [210] <point.png, id=3021, 105.39375pt x 43.16125pt>
File: point.png Graphic file (type png)
 <use point.png>
File: point.png Graphic file (type png)

<use point.png> [211 <C:/thinkcspy/temp/build/latex/point.png (PNG copy)>]
<tooltip_init.png, id=3027, 382.42876pt x 165.61874pt>
File: tooltip_init.png Graphic file (type png)
 <use tooltip_init.png>
File: tooltip_init.png Graphic file (type png)

<use tooltip_init.png> [212] [213 <C:/thinkcspy/temp/build/latex/tooltip_init.p
ng>] [214] [215] [216] [217] [218] [219] [220

]
Chapter 16.
[221] <rectangle.png, id=3086, 212.795pt x 61.22874pt>
File: rectangle.png Graphic file (type png)
 <use rectangle.png>
File: rectangle.png Graphic file (type png)

<use rectangle.png> [222 <C:/thinkcspy/temp/build/latex/rectangle.png (PNG copy
)>] [223] [224] <rectangle2.png, id=3100, 344.28625pt x 61.22874pt>
File: rectangle2.png Graphic file (type png)

<use rectangle2.png>
File: rectangle2.png Graphic file (type png)
 <use rectangle2.png> [225 <C:/thinkcspy/temp/build/latex/rectangle2.png (PNG c
opy)>] [226]
Chapter 17.
<pygame_structure.png, id=3119, 189.17735pt x 267.11559pt>
File: pygame_structure.png Graphic file (type png)

<use pygame_structure.png>
File: pygame_structure.png Graphic file (type png)
 <use pygame_structure.png> [227

 <C:/thinkcspy/temp/build/latex/pygame_structure.png>]
<pygame_screenshot01.png, id=3125, 189.70876pt x 198.7425pt>
File: pygame_screenshot01.png Graphic file (type png)

<use pygame_screenshot01.png>
File: pygame_screenshot01.png Graphic file (type png)
 <use pygame_screenshot01.png> [228] [229 <C:/thinkcspy/temp/build/latex/pygame
_screenshot01.png>] [230]
Underfull \vbox (badness 10000) detected at line 14445
 []


Underfull \vbox (badness 10000) detected at line 14445
 []

[231] <pygame_screenshot02.png, id=3144, 373.395pt x 209.28188pt>
File: pygame_screenshot02.png Graphic file (type png)

<use pygame_screenshot02.png>
File: pygame_screenshot02.png Graphic file (type png)
 <use pygame_screenshot02.png> [232 <C:/thinkcspy/temp/build/latex/pygame_scree
nshot02.png>]
<pygame_screenshot03.png, id=3150, 579.66562pt x 193.47281pt>
File: pygame_screenshot03.png Graphic file (type png)

<use pygame_screenshot03.png>
File: pygame_screenshot03.png Graphic file (type png)
 <use pygame_screenshot03.png> [233 <C:/thinkcspy/temp/build/latex/pygame_scree
nshot03.png>]
<pygame_screenshot04.png, id=3156, 186.6975pt x 194.97844pt>
File: pygame_screenshot04.png Graphic file (type png)

<use pygame_screenshot04.png>
File: pygame_screenshot04.png Graphic file (type png)
 <use pygame_screenshot04.png> [234 <C:/thinkcspy/temp/build/latex/pygame_scree
nshot04.png>] [235] [236] [237] [238] [239]
[240] <duke_spritesheet.png, id=3188, 376.40625pt x 54.2025pt>
File: duke_spritesheet.png Graphic file (type png)

<use duke_spritesheet.png>
File: duke_spritesheet.png Graphic file (type png)
 <use duke_spritesheet.png> [241 <C:/thinkcspy/temp/build/latex/duke_spriteshee
t.png>]
<duke_spritesheet_with_patch.png, id=3195, 376.40625pt x 54.2025pt>
File: duke_spritesheet_with_patch.png Graphic file (type png)

<use duke_spritesheet_with_patch.png>
File: duke_spritesheet_with_patch.png Graphic file (type png)
 <use duke_spritesheet_with_patch.png>
[242 <C:/thinkcspy/temp/build/latex/duke_spritesheet_with_patch.png>] [243]
[244] <pygame_screenshot05.png, id=3209, 373.395pt x 149.05687pt>
File: pygame_screenshot05.png Graphic file (type png)

<use pygame_screenshot05.png>
File: pygame_screenshot05.png Graphic file (type png)
 <use pygame_screenshot05.png> [245 <C:/thinkcspy/temp/build/latex/pygame_scree
nshot05.png>] [246] [247] [248

]
Chapter 18.
<koch_0.png, id=3242, 260.47313pt x 36.135pt>
File: koch_0.png Graphic file (type png)
 <use koch_0.png>
File: koch_0.png Graphic file (type png)

<use koch_0.png> <koch_1.png, id=3243, 256.70906pt x 77.53969pt>
File: koch_1.png Graphic file (type png)

<use koch_1.png>
File: koch_1.png Graphic file (type png)
 <use koch_1.png>
<koch_2.png, id=3244, 189.01384pt x 61.15154pt>
File: koch_2.png Graphic file (type png)
 <use koch_2.png>
File: koch_2.png Graphic file (type png)

<use koch_2.png> <koch_3.png, id=3245, 187.571pt x 66.20152pt>
File: koch_3.png Graphic file (type png)

<use koch_3.png> [249 <C:/thinkcspy/temp/build/latex/koch_0.png (PNG copy)> <C:
/thinkcspy/temp/build/latex/koch_1.png (PNG copy)> <C:/thinkcspy/temp/build/lat
ex/koch_2.png>]
File: koch_3.png Graphic file (type png)
 <use koch_3.png> [250 <C:/thinkcspy/temp/build/latex/koch_3.png>] [251] [252] 
[253] [254] [255]
<koch_snowflake.png, id=3280, 96.36pt x 98.2872pt>
File: koch_snowflake.png Graphic file (type png)
 <use koch_snowflake.png>
File: koch_snowflake.png Graphic file (type png)

<use koch_snowflake.png>
<cesaro_torn_line.png, id=3281, 392.21532pt x 118.94438pt>
File: cesaro_torn_line.png Graphic file (type png)

<use cesaro_torn_line.png>
File: cesaro_torn_line.png Graphic file (type png)
 <use cesaro_torn_line.png> [256 <C:/thinkcspy/temp/build/latex/koch_snowflake.
png>]
<cesaro_torn_square.png, id=3295, 392.21532pt x 118.94438pt>
File: cesaro_torn_square.png Graphic file (type png)

<use cesaro_torn_square.png>
File: cesaro_torn_square.png Graphic file (type png)
 <use cesaro_torn_square.png>
<sierpinski.png, id=3296, 456.20438pt x 82.80937pt>
File: sierpinski.png Graphic file (type png)
 <use sierpinski.png>
File: sierpinski.png Graphic file (type png)

<use sierpinski.png>
<sierpinski_color.png, id=3297, 268.00125pt x 130.23656pt>
File: sierpinski_color.png Graphic file (type png)

<use sierpinski_color.png> [257 <C:/thinkcspy/temp/build/latex/cesaro_torn_line
.png> <C:/thinkcspy/temp/build/latex/cesaro_torn_square.png (PNG copy)> <C:/thi
nkcspy/temp/build/latex/sierpinski.png (PNG copy)>]
File: sierpinski_color.png Graphic file (type png)
 <use sierpinski_color.png>
Underfull \hbox (badness 10000) in paragraph at lines 15943--15947
[]\T1/ptm/m/n/12 Use help to find out what \T1/pcr/m/n/12 sys.getrecursionlimit
() \T1/ptm/m/n/12 and
 []

[258 <C:/thinkcspy/temp/build/latex/sierpinski_color.png>] [259] [260

]
Chapter 19.
[261] [262] [263] [264] [265] [266

]
Chapter 20.
[267] [268] [269] [270] <sparse.png, id=3381, 79.29625pt x 68.255pt>
File: sparse.png Graphic file (type png)

<use sparse.png>
File: sparse.png Graphic file (type png)
 <use sparse.png> [271 <C:/thinkcspy/temp/build/latex/sparse.png (PNG copy)>] <
fibonacci.png, id=3387, 286.82156pt x 161.10187pt>
File: fibonacci.png Graphic file (type png)

<use fibonacci.png>
File: fibonacci.png Graphic file (type png)
 <use fibonacci.png> [272 <C:/thinkcspy/temp/build/latex/fibonacci.png>] [273] 
[274]
Underfull \hbox (badness 5637) in paragraph at lines 16925--16931
[]\T1/ptm/m/n/12 Write a pro-gram called \T1/pcr/m/n/12 alice_words.py \T1/ptm/
m/n/12 that cre-ates a text file named
 []

[275] [276

]
Chapter 21.
<time.png, id=3430, 99.37125pt x 45.92157pt>
File: time.png Graphic file (type png)
 <use time.png>
File: time.png Graphic file (type png)
 <use time.png>
[277 <C:/thinkcspy/temp/build/latex/time.png (PNG copy)>] [278] [279] [280]
[281] [282] [283] [284] [285] [286] [287] [288]
Chapter 22.
[289

] [290] [291] [292] [293] [294] [295] [296] [297] [298

]
Chapter 23.
[299] [300] [301] [302] [303] [304] [305]
Overfull \vbox (1.41193pt too high) detected at line 18787
 []

[306] [307] [308]
Appendix A.
[309

] [310] [311] [312] [313] [314] [315] [316] [317] [318

]
Appendix B.
<strands.jpg, id=3664, 219.82124pt x 285.31593pt>
File: strands.jpg Graphic file (type jpg)
 <use strands.jpg>
File: strands.jpg Graphic file (type jpg)

<use strands.jpg> [319 <C:/thinkcspy/temp/build/latex/strands.jpg>]
Underfull \hbox (badness 5637) in paragraph at lines 19438--19440
[]\T1/ptm/m/n/12 Check out [][]http://mason.gmu.edu/~jsuh4/teaching/strands.htm
[][], or Kil-patrick's book at
 []

[320]
Underfull \hbox (badness 5741) in paragraph at lines 19498--19501
[]\T1/ptm/m/n/12 In this cook-book ex-am-ple we use the \T1/pcr/m/n/12 wsgi \T1
/ptm/m/n/12 (``wizz-gee'') pro-to-col: a mod-ern
 []

[321] [322] [323] <app_b_classlist.png, id=3700, 547.2947pt x 254.45062pt>
File: app_b_classlist.png Graphic file (type png)

<use app_b_classlist.png>
File: app_b_classlist.png Graphic file (type png)
 <use app_b_classlist.png> [324] [325 <C:/thinkcspy/temp/build/latex/app_b_clas
slist.png>] [326

]
Appendix C.
[327] [328] [329] [330] [331] [332] (C:\thinkcspy\temp\build\latex\think.ind
[333] [334

] [335

] [336] [337] [338] [339] [340

])
Package atveryend Info: Empty hook `BeforeClearDocument' on input line 20109.
Package atveryend Info: Empty hook `AfterLastShipout' on input line 20109.

(C:\thinkcspy\temp\build\latex\think.aux)
Package atveryend Info: Executing hook `AtVeryEndDocument' on input line 20109.

Package rerunfilecheck Info: File `think.out' has not changed.
(rerunfilecheck)             Checksum: E277039DB3DB86737C16FAC02C71CCB1;20752.
 ) 
Here is how much of TeX's memory you used:
 11037 strings out of 495285
 162306 string characters out of 3180363
 251826 words of memory out of 3000000
 12686 multiletter control sequences out of 15000+200000
 70725 words of font info for 88 fonts, out of 3000000 for 9000
 15 hyphenation exceptions out of 8191
 38i,12n,51p,630b,560s stack positions out of 5000i,500n,10000p,200000b,50000s
{C:/Program Files/MiKTeX 2.8/fonts/enc/dvips/fontname/8r.enc}<C:/Program File
s/MiKTeX 2.8/fonts/type1/urw/courier/ucrb8a.pfb><C:/Program Files/MiKTeX 2.8/fo
nts/type1/urw/courier/ucrbo8a.pfb><C:/Program Files/MiKTeX 2.8/fonts/type1/urw/
courier/ucrr8a.pfb><C:/Program Files/MiKTeX 2.8/fonts/type1/urw/courier/ucrro8a
.pfb><C:/Program Files/MiKTeX 2.8/fonts/type1/urw/helvetic/uhvb8a.pfb><C:/Progr
am Files/MiKTeX 2.8/fonts/type1/urw/helvetic/uhvbo8a.pfb><C:/Program Files/MiKT
eX 2.8/fonts/type1/urw/helvetic/uhvr8a.pfb><C:/Program Files/MiKTeX 2.8/fonts/t
ype1/urw/times/utmb8a.pfb><C:/Program Files/MiKTeX 2.8/fonts/type1/urw/times/ut
mbi8a.pfb><C:/Program Files/MiKTeX 2.8/fonts/type1/urw/times/utmr8a.pfb><C:/Pro
gram Files/MiKTeX 2.8/fonts/type1/urw/times/utmri8a.pfb>
Output written on think.pdf (352 pages, 2543416 bytes).
PDF statistics:
 4726 PDF objects out of 5155 (max. 8388607)
 1239 named destinations out of 1440 (max. 500000)
 2842 words of extra memory for PDF output out of 10000 (max. 10000000)

